  cInputDevices.cpp
  fileRead.cpp
  forceFeedBack.cpp
c:\users\lenovo\documents\github\mousetovjoy\mousetovjoy\vjoyinterface.h(91): error C3646: "position": nieznany specyfikator przesłonięcia
c:\users\lenovo\documents\github\mousetovjoy\mousetovjoy\vjoyinterface.h(91): error C4430: brak specyfikatora typu - założono, że int. Uwaga: C++ nie obsługuje domyślnie typu int
c:\users\lenovo\documents\github\mousetovjoy\mousetovjoy\vjoyinterface.h(133): error C2065: "HID_ID_EFFREP": niezadeklarowany identyfikator
c:\users\lenovo\documents\github\mousetovjoy\mousetovjoy\vjoyinterface.h(134): error C2065: "HID_ID_ENVREP": niezadeklarowany identyfikator
c:\users\lenovo\documents\github\mousetovjoy\mousetovjoy\vjoyinterface.h(135): error C2065: "HID_ID_CONDREP": niezadeklarowany identyfikator
c:\users\lenovo\documents\github\mousetovjoy\mousetovjoy\vjoyinterface.h(136): error C2065: "HID_ID_PRIDREP": niezadeklarowany identyfikator
c:\users\lenovo\documents\github\mousetovjoy\mousetovjoy\vjoyinterface.h(137): error C2065: "HID_ID_CONSTREP": niezadeklarowany identyfikator
c:\users\lenovo\documents\github\mousetovjoy\mousetovjoy\vjoyinterface.h(138): error C2065: "HID_ID_RAMPREP": niezadeklarowany identyfikator
c:\users\lenovo\documents\github\mousetovjoy\mousetovjoy\vjoyinterface.h(139): error C2065: "HID_ID_CSTMREP": niezadeklarowany identyfikator
c:\users\lenovo\documents\github\mousetovjoy\mousetovjoy\vjoyinterface.h(140): error C2065: "HID_ID_SMPLREP": niezadeklarowany identyfikator
c:\users\lenovo\documents\github\mousetovjoy\mousetovjoy\vjoyinterface.h(141): error C2065: "HID_ID_EFOPREP": niezadeklarowany identyfikator
c:\users\lenovo\documents\github\mousetovjoy\mousetovjoy\vjoyinterface.h(142): error C2065: "HID_ID_BLKFRREP": niezadeklarowany identyfikator
c:\users\lenovo\documents\github\mousetovjoy\mousetovjoy\vjoyinterface.h(143): error C2065: "HID_ID_CTRLREP": niezadeklarowany identyfikator
c:\users\lenovo\documents\github\mousetovjoy\mousetovjoy\vjoyinterface.h(144): error C2065: "HID_ID_GAINREP": niezadeklarowany identyfikator
c:\users\lenovo\documents\github\mousetovjoy\mousetovjoy\vjoyinterface.h(145): error C2065: "HID_ID_SETCREP": niezadeklarowany identyfikator
c:\users\lenovo\documents\github\mousetovjoy\mousetovjoy\vjoyinterface.h(148): error C2065: "HID_ID_NEWEFREP": niezadeklarowany identyfikator
c:\users\lenovo\documents\github\mousetovjoy\mousetovjoy\vjoyinterface.h(148): error C2056: niedozwolone wyrażenie
c:\users\lenovo\documents\github\mousetovjoy\mousetovjoy\vjoyinterface.h(149): error C2065: "HID_ID_BLKLDREP": niezadeklarowany identyfikator
c:\users\lenovo\documents\github\mousetovjoy\mousetovjoy\vjoyinterface.h(149): error C2056: niedozwolone wyrażenie
c:\users\lenovo\documents\github\mousetovjoy\mousetovjoy\vjoyinterface.h(150): error C2065: "HID_ID_POOLREP": niezadeklarowany identyfikator
c:\users\lenovo\documents\github\mousetovjoy\mousetovjoy\vjoyinterface.h(150): error C2056: niedozwolone wyrażenie
forceFeedBack.cpp(15): error C2196: wartość case "0" już użyta
forceFeedBack.cpp(18): error C2196: wartość case "0" już użyta
forceFeedBack.cpp(21): error C2196: wartość case "0" już użyta
forceFeedBack.cpp(24): error C2196: wartość case "0" już użyta
forceFeedBack.cpp(27): error C2196: wartość case "0" już użyta
forceFeedBack.cpp(30): error C2196: wartość case "0" już użyta
forceFeedBack.cpp(33): error C2196: wartość case "0" już użyta
forceFeedBack.cpp(36): error C2196: wartość case "0" już użyta
forceFeedBack.cpp(39): error C2196: wartość case "0" już użyta
forceFeedBack.cpp(42): error C2196: wartość case "0" już użyta
forceFeedBack.cpp(45): error C2196: wartość case "0" już użyta
forceFeedBack.cpp(48): error C2196: wartość case "0" już użyta
forceFeedBack.cpp(51): error C2196: wartość case "0" już użyta
forceFeedBack.cpp(54): error C2196: wartość case "0" już użyta
forceFeedBack.cpp(57): error C2196: wartość case "0" już użyta
forceFeedBack.cpp(338): warning C4244: "argument": konwersja z "LONG" do "BYTE", możliwa utrata danych
forceFeedBack.cpp(339): warning C4244: "argument": konwersja z "LONG" do "BYTE", możliwa utrata danych
forceFeedBack.cpp(340): warning C4244: "argument": konwersja z "LONG" do "BYTE", możliwa utrata danych
forceFeedBack.cpp(362): warning C4244: "argument": konwersja z "LONG" do "BYTE", możliwa utrata danych
forceFeedBack.cpp(384): warning C4244: "argument": konwersja z "LONG" do "BYTE", możliwa utrata danych
forceFeedBack.cpp(385): warning C4244: "argument": konwersja z "LONG" do "BYTE", możliwa utrata danych
forceFeedBack.cpp(265): warning C4996: 'Ffb_h_Eff_Report': ** Ffb_h_Eff_Const function was deprecated - Use function Ffb_h_Eff_Report **
  c:\users\lenovo\documents\github\mousetovjoy\mousetovjoy\vjoyinterface.h(345): note: zobacz deklarację „Ffb_h_Eff_Report”
forceFeedBack.cpp(398): warning C4996: 'FfbStart': ** FfbStart function was deprecated - you can remove it from your code **
  c:\users\lenovo\documents\github\mousetovjoy\mousetovjoy\vjoyinterface.h(332): note: zobacz deklarację „FfbStart”
  main.cpp
main.cpp(92): warning C4244: "argument": konwersja z "double" do "INT", możliwa utrata danych
main.cpp(117): warning C4996: 'freopen': This function or variable may be unsafe. Consider using freopen_s instead. To disable deprecation, use _CRT_SECURE_NO_WARNINGS. See online help for details.
  C:\Program Files (x86)\Windows Kits\10\Include\10.0.15063.0\ucrt\stdio.h(242): note: zobacz deklarację „freopen”
main.cpp(118): warning C4996: 'freopen': This function or variable may be unsafe. Consider using freopen_s instead. To disable deprecation, use _CRT_SECURE_NO_WARNINGS. See online help for details.
  C:\Program Files (x86)\Windows Kits\10\Include\10.0.15063.0\ucrt\stdio.h(242): note: zobacz deklarację „freopen”
  mouseToVjoy.cpp
mouseToVjoy.cpp(13): warning C4244: "=": konwersja z "DOUBLE" do "INT", możliwa utrata danych
mouseToVjoy.cpp(16): warning C4244: "=": konwersja z "DOUBLE" do "INT", możliwa utrata danych
mouseToVjoy.cpp(19): warning C4244: "=": konwersja z "DOUBLE" do "INT", możliwa utrata danych
mouseToVjoy.cpp(22): warning C4244: "=": konwersja z "DOUBLE" do "INT", możliwa utrata danych
mouseToVjoy.cpp(26): warning C4244: "argument": konwersja z "DOUBLE" do "int", możliwa utrata danych
mouseToVjoy.cpp(27): warning C4244: "=": konwersja z "DOUBLE" do "INT", możliwa utrata danych
mouseToVjoy.cpp(29): warning C4244: "argument": konwersja z "DOUBLE" do "int", możliwa utrata danych
mouseToVjoy.cpp(30): warning C4244: "=": konwersja z "DOUBLE" do "INT", możliwa utrata danych
mouseToVjoy.cpp(32): warning C4244: "argument": konwersja z "DOUBLE" do "int", możliwa utrata danych
mouseToVjoy.cpp(33): warning C4244: "=": konwersja z "DOUBLE" do "INT", możliwa utrata danych
mouseToVjoy.cpp(35): warning C4244: "argument": konwersja z "DOUBLE" do "int", możliwa utrata danych
mouseToVjoy.cpp(36): warning C4244: "=": konwersja z "DOUBLE" do "INT", możliwa utrata danych
mouseToVjoy.cpp(39): warning C4244: "argument": konwersja z "DOUBLE" do "int", możliwa utrata danych
mouseToVjoy.cpp(40): warning C4244: "=": konwersja z "DOUBLE" do "INT", możliwa utrata danych
mouseToVjoy.cpp(42): warning C4244: "argument": konwersja z "DOUBLE" do "int", możliwa utrata danych
mouseToVjoy.cpp(43): warning C4244: "=": konwersja z "DOUBLE" do "INT", możliwa utrata danych
mouseToVjoy.cpp(45): warning C4244: "argument": konwersja z "DOUBLE" do "int", możliwa utrata danych
mouseToVjoy.cpp(46): warning C4244: "argument": konwersja z "DOUBLE" do "int", możliwa utrata danych
mouseToVjoy.cpp(54): warning C4244: "argument": konwersja z "DOUBLE" do "int", możliwa utrata danych
mouseToVjoy.cpp(55): warning C4244: "argument": konwersja z "DOUBLE" do "int", możliwa utrata danych
mouseToVjoy.cpp(58): warning C4244: "argument": konwersja z "DOUBLE" do "int", możliwa utrata danych
mouseToVjoy.cpp(62): warning C4244: "argument": konwersja z "DOUBLE" do "int", możliwa utrata danych
mouseToVjoy.cpp(66): warning C4244: "argument": konwersja z "DOUBLE" do "int", możliwa utrata danych
mouseToVjoy.cpp(85): warning C4244: "=": konwersja z "DOUBLE" do "INT", możliwa utrata danych
mouseToVjoy.cpp(88): warning C4244: "=": konwersja z "DOUBLE" do "INT", możliwa utrata danych
  vJoy.cpp
vJoy.cpp(17): warning C4477: „printf”: ciąg formatu „%S” wymaga argumentu typu „wchar_t *”, ale argument 1 ze zmienną liczbą argumentów ma typ „PVOID”
vJoy.cpp(27): warning C4474: „printf”: przekazano za dużo argumentów dla ciągu formatowania
  vJoy.cpp(27): note: symbole zastępcze i ich parametry oczekują 0 argumentów ze zmienną liczbą argumentów, ale podano następującą liczbę zmiennych argumentów: 1
